# JRE version: OpenJDK Runtime Environment Temurin-21.0.6+7 (21.0.6+7) (build 21.0.6+7-LTS)
# Java VM: OpenJDK 64-Bit Server VM Temurin-21.0.6+7 (21.0.6+7-LTS, mixed mode, sharing, tiered, compressed oops, compressed class ptrs, g1 gc, windows-amd64)
GC Precious Log:
 CardTable entry size: 512
 Card Set container configuration: InlinePtr #cards 5 size 8 Array Of Cards #cards 12 size 40 Howl #buckets 4 coarsen threshold 1843 Howl Bitmap #cards 512 size 80 coarsen threshold 460 Card regions per heap region 1 cards per card region 2048
 CPUs: 4 total, 4 available
 Memory: 8072M
 Large Page Support: Disabled
 NUMA Support: Disabled
 Compressed Oops: Enabled (32-bit)
 Heap Region Size: 1M
 Heap Min Capacity: 8M
 Heap Initial Capacity: 128M
 Heap Max Capacity: 2020M
 Pre-touch: Disabled
 Parallel Workers: 4
 Concurrent Workers: 1
 Concurrent Refinement Workers: 4
 Periodic GC: Disabled
Heap:
 garbage-first heap   total 51200K, used 22612K [0x0000000081c00000, 0x0000000100000000)
  region size 1024K, 5 young (5120K), 3 survivors (3072K)
 Metaspace       used 41311K, committed 41792K, reserved 1114112K
  class space    used 5381K, committed 5632K, reserved 1048576K
GC Heap History (16 events):
Event: 8.439 GC heap before
{Heap before GC invocations=0 (full 0):
 garbage-first heap   total 131072K, used 15360K [0x0000000081c00000, 0x0000000100000000)
  region size 1024K, 13 young (13312K), 0 survivors (0K)
 Metaspace       used 3241K, committed 3392K, reserved 1114112K
  class space    used 341K, committed 448K, reserved 1048576K
}
Event: 8.518 GC heap after
{Heap after GC invocations=1 (full 0):
 garbage-first heap   total 131072K, used 6741K [0x0000000081c00000, 0x0000000100000000)
  region size 1024K, 2 young (2048K), 2 survivors (2048K)
 Metaspace       used 3241K, committed 3392K, reserved 1114112K
  class space    used 341K, committed 448K, reserved 1048576K
}
Event: 14.079 GC heap before
{Heap before GC invocations=1 (full 0):
 garbage-first heap   total 131072K, used 19029K [0x0000000081c00000, 0x0000000100000000)
  region size 1024K, 14 young (14336K), 2 survivors (2048K)
 Metaspace       used 6855K, committed 7104K, reserved 1114112K
  class space    used 818K, committed 896K, reserved 1048576K
}
Event: 14.087 GC heap after
{Heap after GC invocations=2 (full 0):
 garbage-first heap   total 131072K, used 7932K [0x0000000081c00000, 0x0000000100000000)
  region size 1024K, 2 young (2048K), 2 survivors (2048K)
 Metaspace       used 6855K, committed 7104K, reserved 1114112K
  class space    used 818K, committed 896K, reserved 1048576K
}
Event: 19.196 GC heap before
{Heap before GC invocations=2 (full 0):
 garbage-first heap   total 131072K, used 35580K [0x0000000081c00000, 0x0000000100000000)
  region size 1024K, 30 young (30720K), 2 survivors (2048K)
 Metaspace       used 14274K, committed 14592K, reserved 1114112K
  class space    used 1721K, committed 1856K, reserved 1048576K
}
Event: 19.208 GC heap after
{Heap after GC invocations=3 (full 0):
 garbage-first heap   total 131072K, used 9892K [0x0000000081c00000, 0x0000000100000000)
  region size 1024K, 4 young (4096K), 4 survivors (4096K)
 Metaspace       used 14274K, committed 14592K, reserved 1114112K
  class space    used 1721K, committed 1856K, reserved 1048576K
}
Event: 30.006 GC heap before
{Heap before GC invocations=3 (full 0):
 garbage-first heap   total 131072K, used 49828K [0x0000000081c00000, 0x0000000100000000)
  region size 1024K, 44 young (45056K), 4 survivors (4096K)
 Metaspace       used 21209K, committed 21504K, reserved 1114112K
  class space    used 2554K, committed 2688K, reserved 1048576K
}
Event: 30.029 GC heap after
{Heap after GC invocations=4 (full 0):
 garbage-first heap   total 131072K, used 14229K [0x0000000081c00000, 0x0000000100000000)
  region size 1024K, 8 young (8192K), 8 survivors (8192K)
 Metaspace       used 21209K, committed 21504K, reserved 1114112K
  class space    used 2554K, committed 2688K, reserved 1048576K
}
Event: 39.512 GC heap before
{Heap before GC invocations=5 (full 0):
 garbage-first heap   total 51200K, used 36757K [0x0000000081c00000, 0x0000000100000000)
  region size 1024K, 30 young (30720K), 8 survivors (8192K)
 Metaspace       used 25128K, committed 25536K, reserved 1114112K
  class space    used 3166K, committed 3392K, reserved 1048576K
}
Event: 39.551 GC heap after
{Heap after GC invocations=6 (full 0):
 garbage-first heap   total 51200K, used 16684K [0x0000000081c00000, 0x0000000100000000)
  region size 1024K, 3 young (3072K), 3 survivors (3072K)
 Metaspace       used 25128K, committed 25536K, reserved 1114112K
  class space    used 3166K, committed 3392K, reserved 1048576K
}
Event: 57.215 GC heap before
{Heap before GC invocations=6 (full 0):
 garbage-first heap   total 51200K, used 39212K [0x0000000081c00000, 0x0000000100000000)
  region size 1024K, 26 young (26624K), 3 survivors (3072K)
 Metaspace       used 30874K, committed 31296K, reserved 1114112K
  class space    used 3831K, committed 4032K, reserved 1048576K
}
Event: 57.231 GC heap after
{Heap after GC invocations=7 (full 0):
 garbage-first heap   total 51200K, used 18432K [0x0000000081c00000, 0x0000000100000000)
  region size 1024K, 2 young (2048K), 2 survivors (2048K)
 Metaspace       used 30874K, committed 31296K, reserved 1114112K
  class space    used 3831K, committed 4032K, reserved 1048576K
}
Event: 61.276 GC heap before
{Heap before GC invocations=7 (full 0):
 garbage-first heap   total 51200K, used 34816K [0x0000000081c00000, 0x0000000100000000)
  region size 1024K, 19 young (19456K), 2 survivors (2048K)
 Metaspace       used 35534K, committed 35968K, reserved 1114112K
  class space    used 4449K, committed 4672K, reserved 1048576K
}
Event: 61.286 GC heap after
{Heap after GC invocations=8 (full 0):
 garbage-first heap   total 51200K, used 20147K [0x0000000081c00000, 0x0000000100000000)
  region size 1024K, 4 young (4096K), 4 survivors (4096K)
 Metaspace       used 35534K, committed 35968K, reserved 1114112K
  class space    used 4449K, committed 4672K, reserved 1048576K
}
Event: 64.477 GC heap before
{Heap before GC invocations=9 (full 0):
 garbage-first heap   total 51200K, used 41651K [0x0000000081c00000, 0x0000000100000000)
  region size 1024K, 25 young (25600K), 4 survivors (4096K)
 Metaspace       used 40945K, committed 41472K, reserved 1114112K
  class space    used 5332K, committed 5568K, reserved 1048576K
}
Event: 64.488 GC heap after
{Heap after GC invocations=10 (full 0):
 garbage-first heap   total 51200K, used 21588K [0x0000000081c00000, 0x0000000100000000)
  region size 1024K, 3 young (3072K), 3 survivors (3072K)
 Metaspace       used 40945K, committed 41472K, reserved 1114112K
  class space    used 5332K, committed 5568K, reserved 1048576K
}

