# JRE version: OpenJDK Runtime Environment Temurin-21.0.6+7 (21.0.6+7) (build 21.0.6+7-LTS)
# Java VM: OpenJDK 64-Bit Server VM Temurin-21.0.6+7 (21.0.6+7-LTS, mixed mode, sharing, tiered, compressed oops, compressed class ptrs, g1 gc, windows-amd64)
GC Precious Log:
 CardTable entry size: 512
 Card Set container configuration: InlinePtr #cards 5 size 8 Array Of Cards #cards 12 size 40 Howl #buckets 4 coarsen threshold 1843 Howl Bitmap #cards 512 size 80 coarsen threshold 460 Card regions per heap region 1 cards per card region 2048
 CPUs: 4 total, 4 available
 Memory: 8072M
 Large Page Support: Disabled
 NUMA Support: Disabled
 Compressed Oops: Enabled (32-bit)
 Heap Region Size: 1M
 Heap Min Capacity: 256M
 Heap Initial Capacity: 256M
 Heap Max Capacity: 512M
 Pre-touch: Disabled
 Parallel Workers: 4
 Concurrent Workers: 1
 Concurrent Refinement Workers: 4
 Periodic GC: Disabled
Heap:
 garbage-first heap   total 262144K, used 221184K [0x00000000e0000000, 0x0000000100000000)
  region size 1024K, 113 young (115712K), 16 survivors (16384K)
 Metaspace       used 84093K, committed 86528K, reserved 458752K
  class space    used 11745K, committed 12928K, reserved 327680K
GC Heap History (20 events):
Event: 13.823 GC heap before
{Heap before GC invocations=5 (full 0):
 garbage-first heap   total 262144K, used 150242K [0x00000000e0000000, 0x0000000100000000)
  region size 1024K, 116 young (118784K), 2 survivors (2048K)
 Metaspace       used 34921K, committed 35968K, reserved 393216K
  class space    used 4898K, committed 5440K, reserved 327680K
}
Event: 13.837 GC heap after
{Heap after GC invocations=6 (full 0):
 garbage-first heap   total 262144K, used 44501K [0x00000000e0000000, 0x0000000100000000)
  region size 1024K, 11 young (11264K), 11 survivors (11264K)
 Metaspace       used 34921K, committed 35968K, reserved 393216K
  class space    used 4898K, committed 5440K, reserved 327680K
}
Event: 13.929 GC heap before
{Heap before GC invocations=6 (full 0):
 garbage-first heap   total 262144K, used 48597K [0x00000000e0000000, 0x0000000100000000)
  region size 1024K, 16 young (16384K), 11 survivors (11264K)
 Metaspace       used 35233K, committed 36288K, reserved 393216K
  class space    used 4944K, committed 5504K, reserved 327680K
}
Event: 13.948 GC heap after
{Heap after GC invocations=7 (full 0):
 garbage-first heap   total 262144K, used 43595K [0x00000000e0000000, 0x0000000100000000)
  region size 1024K, 10 young (10240K), 10 survivors (10240K)
 Metaspace       used 35233K, committed 36288K, reserved 393216K
  class space    used 4944K, committed 5504K, reserved 327680K
}
Event: 14.031 GC heap before
{Heap before GC invocations=7 (full 0):
 garbage-first heap   total 262144K, used 46667K [0x00000000e0000000, 0x0000000100000000)
  region size 1024K, 14 young (14336K), 10 survivors (10240K)
 Metaspace       used 35517K, committed 36608K, reserved 393216K
  class space    used 4997K, committed 5568K, reserved 327680K
}
Event: 14.052 GC heap after
{Heap after GC invocations=8 (full 0):
 garbage-first heap   total 262144K, used 44398K [0x00000000e0000000, 0x0000000100000000)
  region size 1024K, 11 young (11264K), 11 survivors (11264K)
 Metaspace       used 35517K, committed 36608K, reserved 393216K
  class space    used 4997K, committed 5568K, reserved 327680K
}
Event: 20.537 GC heap before
{Heap before GC invocations=9 (full 0):
 garbage-first heap   total 262144K, used 208238K [0x00000000e0000000, 0x0000000100000000)
  region size 1024K, 153 young (156672K), 11 survivors (11264K)
 Metaspace       used 51069K, committed 52800K, reserved 393216K
  class space    used 7165K, committed 8000K, reserved 327680K
}
Event: 20.564 GC heap after
{Heap after GC invocations=10 (full 0):
 garbage-first heap   total 262144K, used 66633K [0x00000000e0000000, 0x0000000100000000)
  region size 1024K, 20 young (20480K), 20 survivors (20480K)
 Metaspace       used 51069K, committed 52800K, reserved 393216K
  class space    used 7165K, committed 8000K, reserved 327680K
}
Event: 24.443 GC heap before
{Heap before GC invocations=10 (full 0):
 garbage-first heap   total 262144K, used 154697K [0x00000000e0000000, 0x0000000100000000)
  region size 1024K, 108 young (110592K), 20 survivors (20480K)
 Metaspace       used 59415K, committed 61248K, reserved 393216K
  class space    used 8451K, committed 9344K, reserved 327680K
}
Event: 24.480 GC heap after
{Heap after GC invocations=11 (full 0):
 garbage-first heap   total 262144K, used 71680K [0x00000000e0000000, 0x0000000100000000)
  region size 1024K, 16 young (16384K), 16 survivors (16384K)
 Metaspace       used 59415K, committed 61248K, reserved 393216K
  class space    used 8451K, committed 9344K, reserved 327680K
}
Event: 24.563 GC heap before
{Heap before GC invocations=11 (full 0):
 garbage-first heap   total 262144K, used 73728K [0x00000000e0000000, 0x0000000100000000)
  region size 1024K, 19 young (19456K), 16 survivors (16384K)
 Metaspace       used 59714K, committed 61568K, reserved 393216K
  class space    used 8484K, committed 9408K, reserved 327680K
}
Event: 24.587 GC heap after
{Heap after GC invocations=12 (full 0):
 garbage-first heap   total 262144K, used 73076K [0x00000000e0000000, 0x0000000100000000)
  region size 1024K, 7 young (7168K), 7 survivors (7168K)
 Metaspace       used 59714K, committed 61568K, reserved 393216K
  class space    used 8484K, committed 9408K, reserved 327680K
}
Event: 29.782 GC heap before
{Heap before GC invocations=13 (full 0):
 garbage-first heap   total 262144K, used 235892K [0x00000000e0000000, 0x0000000100000000)
  region size 1024K, 153 young (156672K), 7 survivors (7168K)
 Metaspace       used 69830K, committed 72000K, reserved 393216K
  class space    used 10055K, committed 11136K, reserved 327680K
}
Event: 29.805 GC heap after
{Heap after GC invocations=14 (full 0):
 garbage-first heap   total 262144K, used 99048K [0x00000000e0000000, 0x0000000100000000)
  region size 1024K, 18 young (18432K), 18 survivors (18432K)
 Metaspace       used 69830K, committed 72000K, reserved 393216K
  class space    used 10055K, committed 11136K, reserved 327680K
}
Event: 35.202 GC heap before
{Heap before GC invocations=14 (full 0):
 garbage-first heap   total 262144K, used 228072K [0x00000000e0000000, 0x0000000100000000)
  region size 1024K, 145 young (148480K), 18 survivors (18432K)
 Metaspace       used 76172K, committed 78464K, reserved 458752K
  class space    used 10776K, committed 11904K, reserved 327680K
}
Event: 35.237 GC heap after
{Heap after GC invocations=15 (full 0):
 garbage-first heap   total 262144K, used 109056K [0x00000000e0000000, 0x0000000100000000)
  region size 1024K, 10 young (10240K), 10 survivors (10240K)
 Metaspace       used 76172K, committed 78464K, reserved 458752K
  class space    used 10776K, committed 11904K, reserved 327680K
}
Event: 82.062 GC heap before
{Heap before GC invocations=15 (full 0):
 garbage-first heap   total 262144K, used 233984K [0x00000000e0000000, 0x0000000100000000)
  region size 1024K, 133 young (136192K), 10 survivors (10240K)
 Metaspace       used 81467K, committed 83840K, reserved 458752K
  class space    used 11376K, committed 12544K, reserved 327680K
}
Event: 82.116 GC heap after
{Heap after GC invocations=16 (full 0):
 garbage-first heap   total 262144K, used 115704K [0x00000000e0000000, 0x0000000100000000)
  region size 1024K, 9 young (9216K), 9 survivors (9216K)
 Metaspace       used 81467K, committed 83840K, reserved 458752K
  class space    used 11376K, committed 12544K, reserved 327680K
}
Event: 87.380 GC heap before
{Heap before GC invocations=16 (full 0):
 garbage-first heap   total 262144K, used 235512K [0x00000000e0000000, 0x0000000100000000)
  region size 1024K, 126 young (129024K), 9 survivors (9216K)
 Metaspace       used 83157K, committed 85632K, reserved 458752K
  class space    used 11620K, committed 12800K, reserved 327680K
}
Event: 87.406 GC heap after
{Heap after GC invocations=17 (full 0):
 garbage-first heap   total 262144K, used 122880K [0x00000000e0000000, 0x0000000100000000)
  region size 1024K, 16 young (16384K), 16 survivors (16384K)
 Metaspace       used 83157K, committed 85632K, reserved 458752K
  class space    used 11620K, committed 12800K, reserved 327680K
}

